<?xml version="1.0" encoding="UTF-8"?>
<testsuite name="com.mistergold.mistergold.MistergoldApplicationTests" tests="1" skipped="0" failures="0" errors="0" timestamp="2024-11-18T14:09:58" hostname="ubuntu.localdomain" time="0.536">
  <properties/>
  <testcase name="contextLoads()" classname="com.mistergold.mistergold.MistergoldApplicationTests" time="0.536"/>
  <system-out><![CDATA[Standard Commons Logging discovery in action with spring-jcl: please remove commons-logging.jar from classpath in order to avoid potential conflicts
11:09:54.663 [Test worker] INFO org.springframework.test.context.support.AnnotationConfigContextLoaderUtils -- Could not detect default configuration classes for test class [com.mistergold.mistergold.MistergoldApplicationTests]: MistergoldApplicationTests does not declare any static, non-private, non-final, nested classes annotated with @Configuration.
11:09:54.732 [Test worker] INFO org.springframework.boot.test.context.SpringBootTestContextBootstrapper -- Found @SpringBootConfiguration com.mistergold.mistergold.MistergoldApplication for test class com.mistergold.mistergold.MistergoldApplicationTests

  .   ____          _            __ _ _
 /\\ / ___'_ __ _ _(_)_ __  __ _ \ \ \ \
( ( )\___ | '_ | '_| | '_ \/ _` | \ \ \ \
 \\/  ___)| |_)| | | | | || (_| |  ) ) ) )
  '  |____| .__|_| |_|_| |_\__, | / / / /
 =========|_|==============|___/=/_/_/_/

 :: Spring Boot ::                (v3.3.4)

2024-11-18T11:09:55.148-03:00  INFO 90770 --- [mistergold] [    Test worker] c.m.m.MistergoldApplicationTests         : Starting MistergoldApplicationTests using Java 21.0.5 with PID 90770 (started by vitor in /home/vitor/Documents/kkkkk/MisterGoldBackEnd)
2024-11-18T11:09:55.150-03:00  INFO 90770 --- [mistergold] [    Test worker] c.m.m.MistergoldApplicationTests         : No active profile set, falling back to 1 default profile: "default"
2024-11-18T11:09:55.826-03:00  INFO 90770 --- [mistergold] [    Test worker] .s.d.r.c.RepositoryConfigurationDelegate : Bootstrapping Spring Data MongoDB repositories in DEFAULT mode.
2024-11-18T11:09:55.869-03:00  INFO 90770 --- [mistergold] [    Test worker] .s.d.r.c.RepositoryConfigurationDelegate : Finished Spring Data repository scanning in 40 ms. Found 6 MongoDB repository interfaces.
2024-11-18T11:09:55.974-03:00  INFO 90770 --- [mistergold] [    Test worker] o.s.cloud.context.scope.GenericScope     : BeanFactory id=5fe20e6d-7354-33ec-8d15-b107e11536dd
2024-11-18T11:09:56.381-03:00  INFO 90770 --- [mistergold] [    Test worker] org.mongodb.driver.client                : MongoClient with metadata {"driver": {"name": "mongo-java-driver|sync|spring-boot", "version": "5.0.1"}, "os": {"type": "Linux", "name": "Linux", "architecture": "amd64", "version": "6.8.0-48-generic"}, "platform": "Java/Ubuntu/21.0.5+11-Ubuntu-1ubuntu124.04"} created with settings MongoClientSettings{readPreference=primary, writeConcern=WriteConcern{w=null, wTimeout=null ms, journal=null}, retryWrites=true, retryReads=true, readConcern=ReadConcern{level=null}, credential=MongoCredential{mechanism=null, userName='root', source='admin', password=<hidden>, mechanismProperties=<hidden>}, transportSettings=null, commandListeners=[io.micrometer.core.instrument.binder.mongodb.MongoMetricsCommandListener@1592e540], codecRegistry=ProvidersCodecRegistry{codecProviders=[ValueCodecProvider{}, BsonValueCodecProvider{}, DBRefCodecProvider{}, DBObjectCodecProvider{}, DocumentCodecProvider{}, CollectionCodecProvider{}, IterableCodecProvider{}, MapCodecProvider{}, GeoJsonCodecProvider{}, GridFSFileCodecProvider{}, Jsr310CodecProvider{}, JsonObjectCodecProvider{}, BsonCodecProvider{}, EnumCodecProvider{}, com.mongodb.client.model.mql.ExpressionCodecProvider@3e2772a9, com.mongodb.Jep395RecordCodecProvider@4449b273, com.mongodb.KotlinCodecProvider@1fa18f87]}, loggerSettings=LoggerSettings{maxDocumentLength=1000}, clusterSettings={hosts=[localhost:27017], srvServiceName=mongodb, mode=SINGLE, requiredClusterType=UNKNOWN, requiredReplicaSetName='null', serverSelector='null', clusterListeners='[]', serverSelectionTimeout='30000 ms', localThreshold='15 ms'}, socketSettings=SocketSettings{connectTimeoutMS=10000, readTimeoutMS=0, receiveBufferSize=0, proxySettings=ProxySettings{host=null, port=null, username=null, password=null}}, heartbeatSocketSettings=SocketSettings{connectTimeoutMS=10000, readTimeoutMS=10000, receiveBufferSize=0, proxySettings=ProxySettings{host=null, port=null, username=null, password=null}}, connectionPoolSettings=ConnectionPoolSettings{maxSize=100, minSize=0, maxWaitTimeMS=120000, maxConnectionLifeTimeMS=0, maxConnectionIdleTimeMS=0, maintenanceInitialDelayMS=0, maintenanceFrequencyMS=60000, connectionPoolListeners=[io.micrometer.core.instrument.binder.mongodb.MongoMetricsConnectionPoolListener@1d9bd1d6], maxConnecting=2}, serverSettings=ServerSettings{heartbeatFrequencyMS=10000, minHeartbeatFrequencyMS=500, serverListeners='[]', serverMonitorListeners='[]'}, sslSettings=SslSettings{enabled=false, invalidHostNameAllowed=false, context=null}, applicationName='null', compressorList=[], uuidRepresentation=JAVA_LEGACY, serverApi=null, autoEncryptionSettings=null, dnsClient=null, inetAddressResolver=null, contextProvider=null}
2024-11-18T11:09:56.390-03:00  INFO 90770 --- [mistergold] [localhost:27017] org.mongodb.driver.cluster               : Monitor thread successfully connected to server with description ServerDescription{address=localhost:27017, type=STANDALONE, state=CONNECTED, ok=true, minWireVersion=0, maxWireVersion=25, maxDocumentSize=16777216, logicalSessionTimeoutMinutes=30, roundTripTimeNanos=10775615}
2024-11-18T11:09:56.741-03:00  INFO 90770 --- [mistergold] [    Test worker] r$InitializeUserDetailsManagerConfigurer : Global AuthenticationManager configured with UserDetailsService bean with name authorizationService
2024-11-18T11:09:57.874-03:00  INFO 90770 --- [mistergold] [    Test worker] o.s.b.a.e.web.EndpointLinksResolver      : Exposing 1 endpoint beneath base path '/actuator'
2024-11-18T11:09:58.555-03:00  INFO 90770 --- [mistergold] [    Test worker] c.m.m.MistergoldApplicationTests         : Started MistergoldApplicationTests in 3.753 seconds (process running for 4.399)
]]></system-out>
  <system-err><![CDATA[WARNING: A Java agent has been loaded dynamically (/home/vitor/.gradle/caches/modules-2/files-2.1/net.bytebuddy/byte-buddy-agent/1.14.19/154da3a65b4f4a909d3e5bdec55d1b2b4cbb6ce1/byte-buddy-agent-1.14.19.jar)
WARNING: If a serviceability tool is in use, please run with -XX:+EnableDynamicAgentLoading to hide this warning
WARNING: If a serviceability tool is not in use, please run with -Djdk.instrument.traceUsage for more information
WARNING: Dynamic loading of agents will be disallowed by default in a future release
]]></system-err>
</testsuite>
